<?xml version="1.0" encoding="UTF-8"?>
<!-- Generated by org.testng.reporters.JUnitReportReporter -->
<testsuite hostname="priyaprasad" failures="0" tests="1" name="com.runner.MyRunner" time="7.642" errors="0" timestamp="2024-07-15T07:09:46 IST" skipped="0">
  <testcase classname="com.runner.MyRunner" name="runScenario" time="7.642"/>
</testsuite> <!-- com.runner.MyRunner -->
